2023-12-09 09:26:38,719 DEBUG    root            Loaded Command Group: ['gcloud', 'config']
2023-12-09 09:26:38,721 DEBUG    root            Loaded Command Group: ['gcloud', 'config', 'config_helper']
2023-12-09 09:26:38,722 DEBUG    root            Running [gcloud.config.config-helper] with arguments: [--format: "json"]
2023-12-09 09:26:38,785 DEBUG    google.auth.transport.requests Making request: POST https://oauth2.googleapis.com/token
2023-12-09 09:26:38,961 DEBUG    urllib3.connectionpool Starting new HTTPS connection (1): oauth2.googleapis.com:443
2023-12-09 09:26:39,420 DEBUG    urllib3.connectionpool https://oauth2.googleapis.com:443 "POST /token HTTP/1.1" 200 None
2023-12-09 09:26:39,430 DEBUG    root            Chosen display Format:default json
2023-12-09 09:26:39,430 INFO     root            Display format: "default json"
2023-12-09 09:26:39,430 INFO     ___FILE_ONLY___ {
  "configuration": {
    "active_configuration": "default",
    "properties": {
      "core": {
        "account": "sacharjeeofficial@gmail.com",
        "disable_usage_reporting": "False",
        "project": "mathgaps-56d5a"
      }
    }
  },
  "credential": {
    "access_token": "ya29.a0AfB_byCXLhRwmUK_bi89UAzcw1u8bSU2ogiqWsMTa8H2GSounc9UyUGj7LtOitAzcfvJW79oVZ_efhMyakXc27PodR6A2tPqIQuYVH3uFqJ3EQVotIuwt4Yevl-w6pUuDnv7-EJEGccmCw-QdRwN4wz0Dt1J-C2reVztN2mnsCgsaCgYKAfMSARMSFQHGX2MirvcvPLV1tngWaJ3qSToweA0179",
    "id_token": "eyJhbGciOiJSUzI1NiIsImtpZCI6ImU0YWRmYjQzNmI5ZTE5N2UyZTExMDZhZjJjODQyMjg0ZTQ5ODZhZmYiLCJ0eXAiOiJKV1QifQ.eyJpc3MiOiJodHRwczovL2FjY291bnRzLmdvb2dsZS5jb20iLCJhenAiOiIzMjU1NTk0MDU1OS5hcHBzLmdvb2dsZXVzZXJjb250ZW50LmNvbSIsImF1ZCI6IjMyNTU1OTQwNTU5LmFwcHMuZ29vZ2xldXNlcmNvbnRlbnQuY29tIiwic3ViIjoiMTEzOTUzMTcwMDMzNDg0NjI5MDc5IiwiZW1haWwiOiJzYWNoYXJqZWVvZmZpY2lhbEBnbWFpbC5jb20iLCJlbWFpbF92ZXJpZmllZCI6dHJ1ZSwiYXRfaGFzaCI6IlhCM2JHTVZQcjRIYlJGaERsa3liVUEiLCJpYXQiOjE3MDIwOTQxOTksImV4cCI6MTcwMjA5Nzc5OX0.QTu6PRkZt-rlkvUnSvKbKccZ_SQXV4FCIYrXW6rpZRd7b_mUk71-7AuHUnT7hFrvB6Ciptr37VckorWbUzGLdjyEAzIBd_C1WPa6TvLNDfkIplXGJ6VJ_MzBROiW2lFD2OQMECQzRwrKGlaafNn_j-7GeoTfGhVbtQdMBjwIPGEoimqSXQy4s3FNHOgYAlDbAMDpUUhKHYu33yrNyDf6WSq0-w9H0fbZomvhLT_CSoStToFy-TMFVjruuKsa9q3rb3I4rJ-Mkq0OVRiMwMjkHfow5sj-9akpZl64_-g6JJgTHLt2-yKCtQH-RCqgzLp4wIvprIrt841VoLSNQ3WIYg",
    "token_expiry": "2023-12-09T04:56:38Z"
  },
  "sentinels": {
    "config_sentinel": "/Users/user/.config/gcloud/config_sentinel"
  }
}
2023-12-09 09:26:39,430 INFO     ___FILE_ONLY___ 

2023-12-09 09:26:39,438 DEBUG    root            Metrics reporting process started...
