2023-12-13 09:45:18,859 DEBUG    root            Loaded Command Group: ['gcloud', 'config']
2023-12-13 09:45:18,861 DEBUG    root            Loaded Command Group: ['gcloud', 'config', 'config_helper']
2023-12-13 09:45:18,862 DEBUG    root            Running [gcloud.config.config-helper] with arguments: [--format: "json"]
2023-12-13 09:45:18,925 DEBUG    root            Chosen display Format:default json
2023-12-13 09:45:18,925 INFO     root            Display format: "default json"
2023-12-13 09:45:18,925 INFO     ___FILE_ONLY___ {
  "configuration": {
    "active_configuration": "default",
    "properties": {
      "core": {
        "account": "sacharjeeofficial@gmail.com",
        "disable_usage_reporting": "False",
        "project": "mathgaps-56d5a"
      }
    }
  },
  "credential": {
    "access_token": "ya29.a0AfB_byBrzQ9v1wpwrK18TdlO4d9BCVkSVfgyZaSiy99JJdeEnLuPQO-1dHPMTKQJ5bSXgr04LJntKK-kTaxsLqT6TxYZs9Pgb3o_4jvslmNSkWT3xwFJnMyDHygXIY_3dgntw9EVICl9dGE9STH2gZ69cBNZDuHXGKaz9HmoaEg5aCgYKAecSARMSFQHGX2Mi9YsfIjaOrVasqSw5Gs3Bkw0179",
    "id_token": "eyJhbGciOiJSUzI1NiIsImtpZCI6IjBhZDFmZWM3ODUwNGY0NDdiYWU2NWJjZjVhZmFlZGI2NWVlYzllODEiLCJ0eXAiOiJKV1QifQ.eyJpc3MiOiJodHRwczovL2FjY291bnRzLmdvb2dsZS5jb20iLCJhenAiOiIzMjU1NTk0MDU1OS5hcHBzLmdvb2dsZXVzZXJjb250ZW50LmNvbSIsImF1ZCI6IjMyNTU1OTQwNTU5LmFwcHMuZ29vZ2xldXNlcmNvbnRlbnQuY29tIiwic3ViIjoiMTEzOTUzMTcwMDMzNDg0NjI5MDc5IiwiZW1haWwiOiJzYWNoYXJqZWVvZmZpY2lhbEBnbWFpbC5jb20iLCJlbWFpbF92ZXJpZmllZCI6dHJ1ZSwiYXRfaGFzaCI6ImZaelgxLVdZaTlQY2ppYk04YlNabnciLCJpYXQiOjE3MDI0Mzk4MDgsImV4cCI6MTcwMjQ0MzQwOH0.YYHUY0749WtX87f3OCGYbLFZI5tPxq9uNXPBGuaItBRy5guWi2o6Ib4hPUYrX1oIkrU65vZ_iVXFCuoC_TGkcpG7AurbyVrnVbAOdPeZLnH_adR1npvgfCxDSgWeRcvtsZGQq3gJcortYfGiLiBJ0KYPcgApqJ4pB1IyaNijiFKWIntCkaVtquhAi-hRrj2RsUBh38hphFTKyqRg0nekqhkBwjQlokt9WE9u9Iml0VfH1iT5LMxdp3PI8h2p_qMXoxb6DlZrcMYUv34gimkd8T7iG4_sSPRZWN5s0SgKfQ_NthKEKi4a_wUOwNKsvKcBAmRAYPyX_eIzAyWnLgUssQ",
    "token_expiry": "2023-12-13T04:56:47Z"
  },
  "sentinels": {
    "config_sentinel": "/Users/user/.config/gcloud/config_sentinel"
  }
}
2023-12-13 09:45:18,925 INFO     ___FILE_ONLY___ 

2023-12-13 09:45:18,930 DEBUG    root            Metrics reporting process started...
