2023-12-17 01:17:05,507 DEBUG    root            Loaded Command Group: ['gcloud', 'config']
2023-12-17 01:17:05,508 DEBUG    root            Loaded Command Group: ['gcloud', 'config', 'config_helper']
2023-12-17 01:17:05,509 DEBUG    root            Running [gcloud.config.config-helper] with arguments: [--format: "json"]
2023-12-17 01:17:05,574 DEBUG    google.auth.transport.requests Making request: POST https://oauth2.googleapis.com/token
2023-12-17 01:17:05,701 DEBUG    urllib3.connectionpool Starting new HTTPS connection (1): oauth2.googleapis.com:443
2023-12-17 01:17:06,154 DEBUG    urllib3.connectionpool https://oauth2.googleapis.com:443 "POST /token HTTP/1.1" 200 None
2023-12-17 01:17:06,168 DEBUG    root            Chosen display Format:default json
2023-12-17 01:17:06,169 INFO     root            Display format: "default json"
2023-12-17 01:17:06,170 INFO     ___FILE_ONLY___ {
  "configuration": {
    "active_configuration": "default",
    "properties": {
      "core": {
        "account": "sacharjeeofficial@gmail.com",
        "disable_usage_reporting": "False",
        "project": "mathgaps-56d5a"
      }
    }
  },
  "credential": {
    "access_token": "ya29.a0AfB_byDWNrmqKH53vb_HSVIFL2HeGQ9fWcWOydbOfddPOYaanWTiSDGNOhS0w08XgWifSQ6bydvVEBMOtl9QC57SSHCsuAgCgFdncd4Id-tEp_h60nGQ9vd8Q8YWUmtYA5phOu38FraWy5e__0__RuEvFdJYS-nVhuBN6HBYo28oaCgYKAVcSARMSFQHGX2Mi2481bMgS-xC2IHc9FPFV-g0179",
    "id_token": "eyJhbGciOiJSUzI1NiIsImtpZCI6IjBhZDFmZWM3ODUwNGY0NDdiYWU2NWJjZjVhZmFlZGI2NWVlYzllODEiLCJ0eXAiOiJKV1QifQ.eyJpc3MiOiJodHRwczovL2FjY291bnRzLmdvb2dsZS5jb20iLCJhenAiOiIzMjU1NTk0MDU1OS5hcHBzLmdvb2dsZXVzZXJjb250ZW50LmNvbSIsImF1ZCI6IjMyNTU1OTQwNTU5LmFwcHMuZ29vZ2xldXNlcmNvbnRlbnQuY29tIiwic3ViIjoiMTEzOTUzMTcwMDMzNDg0NjI5MDc5IiwiZW1haWwiOiJzYWNoYXJqZWVvZmZpY2lhbEBnbWFpbC5jb20iLCJlbWFpbF92ZXJpZmllZCI6dHJ1ZSwiYXRfaGFzaCI6IllVSUM4WlZybjJsMXFUa01XV2VXUGciLCJpYXQiOjE3MDI3NTYwMjYsImV4cCI6MTcwMjc1OTYyNn0.oSscEiSFfeVYo_8MdHv7YZqBkLhFT1ZjrClX3CCAB2vp8-kfcSbsz0urnOJBH_vZCQVQaSPpd9dNZts-AEYZ1iFqN9CEmvxn8gnzTred3Wc0QzrzJmSLy8SbZwOKAGLfeeQ5LrTkbBEPKe2Bs2p_l0gYk1VP2JRpSQ5XmEckRrunbLzc7WLeqRtoTZ_MPMAz1jEas2KSJYTKOPJCqmE5NV31bwj_9XV8lG9n4N4Efk-K1_eHnKvtfyOL9eFMl4UZRCDopqj_P-wEsJeMPtDERZUsEMxC-Z7qpFLBrn9g3USEgSmK57nWFMgDq4sWxfj62lHZ-Xaq1VtN7MmLhS2SEQ",
    "token_expiry": "2023-12-16T20:47:05Z"
  },
  "sentinels": {
    "config_sentinel": "/Users/user/.config/gcloud/config_sentinel"
  }
}
2023-12-17 01:17:06,170 INFO     ___FILE_ONLY___ 

2023-12-17 01:17:06,189 DEBUG    root            Metrics reporting process started...
