2023-12-17 04:49:10,959 DEBUG    root            Loaded Command Group: ['gcloud', 'config']
2023-12-17 04:49:10,960 DEBUG    root            Loaded Command Group: ['gcloud', 'config', 'config_helper']
2023-12-17 04:49:10,961 DEBUG    root            Running [gcloud.config.config-helper] with arguments: [--format: "json"]
2023-12-17 04:49:11,021 DEBUG    google.auth.transport.requests Making request: POST https://oauth2.googleapis.com/token
2023-12-17 04:49:11,151 DEBUG    urllib3.connectionpool Starting new HTTPS connection (1): oauth2.googleapis.com:443
2023-12-17 04:49:11,730 DEBUG    urllib3.connectionpool https://oauth2.googleapis.com:443 "POST /token HTTP/1.1" 200 None
2023-12-17 04:49:11,746 DEBUG    root            Chosen display Format:default json
2023-12-17 04:49:11,747 INFO     root            Display format: "default json"
2023-12-17 04:49:11,748 INFO     ___FILE_ONLY___ {
  "configuration": {
    "active_configuration": "default",
    "properties": {
      "core": {
        "account": "sacharjeeofficial@gmail.com",
        "disable_usage_reporting": "False",
        "project": "mathgaps-56d5a"
      }
    }
  },
  "credential": {
    "access_token": "ya29.a0AfB_byBqf_onaEKv9XA1yReuPOZhESCQt2tPekDTe92N0_jbKXKvH6iwf_TQabLrY_YahoQorYCR4AjGGRUQVN8WktDawwXX5k94ntAUQGYVE-YPQtFnWwyB8_XXEnrD_m-IHpB70Lf12_HB0v2cmmOZVlsoT0uyRK0ru-wigP7gaCgYKAfYSARMSFQHGX2MiWYfnuCVBE0b2fIBGpSPEiQ0179",
    "id_token": "eyJhbGciOiJSUzI1NiIsImtpZCI6IjBhZDFmZWM3ODUwNGY0NDdiYWU2NWJjZjVhZmFlZGI2NWVlYzllODEiLCJ0eXAiOiJKV1QifQ.eyJpc3MiOiJodHRwczovL2FjY291bnRzLmdvb2dsZS5jb20iLCJhenAiOiIzMjU1NTk0MDU1OS5hcHBzLmdvb2dsZXVzZXJjb250ZW50LmNvbSIsImF1ZCI6IjMyNTU1OTQwNTU5LmFwcHMuZ29vZ2xldXNlcmNvbnRlbnQuY29tIiwic3ViIjoiMTEzOTUzMTcwMDMzNDg0NjI5MDc5IiwiZW1haWwiOiJzYWNoYXJqZWVvZmZpY2lhbEBnbWFpbC5jb20iLCJlbWFpbF92ZXJpZmllZCI6dHJ1ZSwiYXRfaGFzaCI6ImFXZ0FINDg5SW9DQ2dxM0RRQ3NRdFEiLCJpYXQiOjE3MDI3Njg3NTEsImV4cCI6MTcwMjc3MjM1MX0.FlG0u-LqAkfXKMILD4R2HJz_Kj9D9f8Vln_xD4V-PHN4IqlQozghA1RnMimMqVqSm65brlSghVZqAkeiCA36XhE94MSlbl1KJwausDkdrvFoSWHGOrZBMll71iRHGEGNE9x6mfimwlu-UBURdzZ-4Jhxk_1NO5Zq-dGkZj_0An087LyJgJhYQP8M3MXDirIQovTEYi0WUt47hP-LJulAZqVwFCKUYFxc8-ED-a2FgHd0G0mYQV00L_lbVecuXDyHX03Q9m0X_EiwcOntp521Vb80JG-o6BJro-OyMmrOmBzOAz5poL4xqL9WMOFSOm9y0q380Sfge6pins1foMFMqg",
    "token_expiry": "2023-12-17T00:19:10Z"
  },
  "sentinels": {
    "config_sentinel": "/Users/user/.config/gcloud/config_sentinel"
  }
}
2023-12-17 04:49:11,748 INFO     ___FILE_ONLY___ 

2023-12-17 04:49:11,764 DEBUG    root            Metrics reporting process started...
